<?xml version="1.0" encoding="UTF-8"?>
<testsuite xmlns:xsi="http://www.w3.org/2001/XMLSchema-instance" xsi:noNamespaceSchemaLocation="https://maven.apache.org/surefire/maven-surefire-plugin/xsd/surefire-test-report-3.0.xsd" version="3.0" name="com.coderbd.excelreadwrite.ExcelreadwriteApplicationTests" time="8.068" tests="1" errors="0" skipped="0" failures="0">
  <properties>
[...]
</properties>
  <testcase name="contextLoads" classname="com.coderbd.excelreadwrite.ExcelreadwriteApplicationTests" time="2.206">
    <system-out><![CDATA[15:49:18.348 [main] INFO org.springframework.test.context.support.AnnotationConfigContextLoaderUtils -- Could not detect default configuration classes for test class [com.coderbd.excelreadwrite.ExcelreadwriteApplicationTests]: ExcelreadwriteApplicationTests does not declare any static, non-private, non-final, nested classes annotated with @Configuration.
15:49:18.707 [main] INFO org.springframework.boot.test.context.SpringBootTestContextBootstrapper -- Found @SpringBootConfiguration com.coderbd.excelreadwrite.ExcelreadwriteApplication for test class com.coderbd.excelreadwrite.ExcelreadwriteApplicationTests

  .   ____          _            __ _ _
 /\\ / ___'_ __ _ _(_)_ __  __ _ \ \ \ \
( ( )\___ | '_ | '_| | '_ \/ _` | \ \ \ \
 \\/  ___)| |_)| | | | | || (_| |  ) ) ) )
  '  |____| .__|_| |_|_| |_\__, | / / / /
 =========|_|==============|___/=/_/_/_/
 :: Spring Boot ::                (v3.1.0)

2023-06-06T15:49:20.044+06:00  INFO 2684 --- [           main] c.c.e.ExcelreadwriteApplicationTests     : Starting ExcelreadwriteApplicationTests using Java 17.0.6 with PID 2684 (started by DELL in G:\git\excelreadwrite)
2023-06-06T15:49:20.050+06:00  INFO 2684 --- [           main] c.c.e.ExcelreadwriteApplicationTests     : No active profile set, falling back to 1 default profile: "default"
2023-06-06T15:49:23.670+06:00  INFO 2684 --- [           main] c.c.e.ExcelreadwriteApplicationTests     : Started ExcelreadwriteApplicationTests in 4.477 seconds (process running for 7.207)
]]></system-out>
  </testcase>
</testsuite>